<?xml version="1.0" encoding="UTF-8"?>
<testsuite name="test.pivotal.pal.trackerapi.WelcomeApiTest" tests="1" skipped="0" failures="0" errors="0" timestamp="2019-08-06T13:37:08" hostname="pal7-OptiPlex-7050" time="0.009">
  <properties/>
  <testcase name="exampleTest" classname="test.pivotal.pal.trackerapi.WelcomeApiTest" time="0.009"/>
  <system-out><![CDATA[2019-08-06 19:07:08.032  INFO 18072 --- [    Test worker] .b.t.c.SpringBootTestContextBootstrapper : Neither @ContextConfiguration nor @ContextHierarchy found for test class [test.pivotal.pal.trackerapi.WelcomeApiTest], using SpringBootContextLoader
2019-08-06 19:07:08.033  INFO 18072 --- [    Test worker] o.s.t.c.support.AbstractContextLoader    : Could not detect default resource locations for test class [test.pivotal.pal.trackerapi.WelcomeApiTest]: no resource found for suffixes {-context.xml, Context.groovy}.
2019-08-06 19:07:08.035  INFO 18072 --- [    Test worker] .b.t.c.SpringBootTestContextBootstrapper : Loaded default TestExecutionListener class names from location [META-INF/spring.factories]: [org.springframework.boot.test.autoconfigure.restdocs.RestDocsTestExecutionListener, org.springframework.boot.test.autoconfigure.web.client.MockRestServiceServerResetTestExecutionListener, org.springframework.boot.test.autoconfigure.web.servlet.MockMvcPrintOnlyOnFailureTestExecutionListener, org.springframework.boot.test.autoconfigure.web.servlet.WebDriverTestExecutionListener, org.springframework.boot.test.mock.mockito.MockitoTestExecutionListener, org.springframework.boot.test.mock.mockito.ResetMocksTestExecutionListener, org.springframework.test.context.web.ServletTestExecutionListener, org.springframework.test.context.support.DirtiesContextBeforeModesTestExecutionListener, org.springframework.test.context.support.DependencyInjectionTestExecutionListener, org.springframework.test.context.support.DirtiesContextTestExecutionListener, org.springframework.test.context.transaction.TransactionalTestExecutionListener, org.springframework.test.context.jdbc.SqlScriptsTestExecutionListener]
2019-08-06 19:07:08.036  INFO 18072 --- [    Test worker] .b.t.c.SpringBootTestContextBootstrapper : Using TestExecutionListeners: [org.springframework.test.context.web.ServletTestExecutionListener@29420e85, org.springframework.test.context.support.DirtiesContextBeforeModesTestExecutionListener@1dde97e4, org.springframework.boot.test.mock.mockito.MockitoTestExecutionListener@cbc08c7, org.springframework.boot.test.autoconfigure.SpringBootDependencyInjectionTestExecutionListener@102f8697, org.springframework.test.context.support.DirtiesContextTestExecutionListener@29a08431, org.springframework.boot.test.autoconfigure.restdocs.RestDocsTestExecutionListener@40285756, org.springframework.boot.test.autoconfigure.web.client.MockRestServiceServerResetTestExecutionListener@2c3e85a4, org.springframework.boot.test.autoconfigure.web.servlet.MockMvcPrintOnlyOnFailureTestExecutionListener@40c9a58a, org.springframework.boot.test.autoconfigure.web.servlet.WebDriverTestExecutionListener@6d6530ae, org.springframework.boot.test.mock.mockito.ResetMocksTestExecutionListener@6f7558b3]
]]></system-out>
  <system-err><![CDATA[]]></system-err>
</testsuite>
