<?xml version="1.0" encoding="UTF-8"?>
<testsuite name="test.pivotal.pal.trackerapi.WelcomeApiTest" tests="1" skipped="0" failures="0" errors="0" timestamp="2019-08-07T08:40:36" hostname="pal7-OptiPlex-7050" time="0.014">
  <properties/>
  <testcase name="exampleTest" classname="test.pivotal.pal.trackerapi.WelcomeApiTest" time="0.014"/>
  <system-out><![CDATA[2019-08-07 14:10:36.019  INFO 6625 --- [    Test worker] .b.t.c.SpringBootTestContextBootstrapper : Neither @ContextConfiguration nor @ContextHierarchy found for test class [test.pivotal.pal.trackerapi.WelcomeApiTest], using SpringBootContextLoader
2019-08-07 14:10:36.021  INFO 6625 --- [    Test worker] o.s.t.c.support.AbstractContextLoader    : Could not detect default resource locations for test class [test.pivotal.pal.trackerapi.WelcomeApiTest]: no resource found for suffixes {-context.xml, Context.groovy}.
2019-08-07 14:10:36.025  INFO 6625 --- [    Test worker] .b.t.c.SpringBootTestContextBootstrapper : Loaded default TestExecutionListener class names from location [META-INF/spring.factories]: [org.springframework.boot.test.autoconfigure.restdocs.RestDocsTestExecutionListener, org.springframework.boot.test.autoconfigure.web.client.MockRestServiceServerResetTestExecutionListener, org.springframework.boot.test.autoconfigure.web.servlet.MockMvcPrintOnlyOnFailureTestExecutionListener, org.springframework.boot.test.autoconfigure.web.servlet.WebDriverTestExecutionListener, org.springframework.boot.test.mock.mockito.MockitoTestExecutionListener, org.springframework.boot.test.mock.mockito.ResetMocksTestExecutionListener, org.springframework.test.context.web.ServletTestExecutionListener, org.springframework.test.context.support.DirtiesContextBeforeModesTestExecutionListener, org.springframework.test.context.support.DependencyInjectionTestExecutionListener, org.springframework.test.context.support.DirtiesContextTestExecutionListener, org.springframework.test.context.transaction.TransactionalTestExecutionListener, org.springframework.test.context.jdbc.SqlScriptsTestExecutionListener]
2019-08-07 14:10:36.027  INFO 6625 --- [    Test worker] .b.t.c.SpringBootTestContextBootstrapper : Using TestExecutionListeners: [org.springframework.test.context.web.ServletTestExecutionListener@64458a8f, org.springframework.test.context.support.DirtiesContextBeforeModesTestExecutionListener@1fde5e93, org.springframework.boot.test.mock.mockito.MockitoTestExecutionListener@7213c6a8, org.springframework.boot.test.autoconfigure.SpringBootDependencyInjectionTestExecutionListener@727ddf33, org.springframework.test.context.support.DirtiesContextTestExecutionListener@3aa43201, org.springframework.test.context.transaction.TransactionalTestExecutionListener@5763c900, org.springframework.test.context.jdbc.SqlScriptsTestExecutionListener@3ba963c2, org.springframework.boot.test.autoconfigure.restdocs.RestDocsTestExecutionListener@27b1b7c3, org.springframework.boot.test.autoconfigure.web.client.MockRestServiceServerResetTestExecutionListener@3c1ebd0e, org.springframework.boot.test.autoconfigure.web.servlet.MockMvcPrintOnlyOnFailureTestExecutionListener@757c4844, org.springframework.boot.test.autoconfigure.web.servlet.WebDriverTestExecutionListener@53b925a, org.springframework.boot.test.mock.mockito.ResetMocksTestExecutionListener@2f9e3291]
]]></system-out>
  <system-err><![CDATA[]]></system-err>
</testsuite>
